<?xml version="1.0" encoding="UTF-8"?>

<mule xmlns:google-sheets="http://www.mulesoft.org/schema/mule/google-sheets"
	  xmlns="http://www.mulesoft.org/schema/mule/core"
	  xmlns:xsi="http://www.w3.org/2001/XMLSchema-instance"
	  xsi:schemaLocation="http://www.mulesoft.org/schema/mule/core http://www.mulesoft.org/schema/mule/core/current/mule.xsd
http://www.mulesoft.org/schema/mule/google-sheets http://www.mulesoft.org/schema/mule/google-sheets/current/mule-google-sheets.xsd">

	<google-sheets:config name="GoogleSheetsConfig"  >
		<google-sheets:connection resourcePath="api-project.json" applicationName="GoogleConnectorApp" />
	</google-sheets:config>

	<flow name="createSpreadsheets">
		<google-sheets:create-spreadsheet title="Cool sheet" config-ref="GoogleSheetsConfig"/>
	</flow>
</mule>