<?xml version="1.0" encoding="UTF-8"?>

<mule xmlns:google-sheets="http://www.mulesoft.org/schema/mule/google-sheets"
	  xmlns="http://www.mulesoft.org/schema/mule/core"
	  xmlns:xsi="http://www.w3.org/2001/XMLSchema-instance"
	  xsi:schemaLocation="http://www.mulesoft.org/schema/mule/core http://www.mulesoft.org/schema/mule/core/current/mule.xsd
http://www.mulesoft.org/schema/mule/google-sheets http://www.mulesoft.org/schema/mule/google-sheets/current/mule-google-sheets.xsd">

	<google-sheets:config name="GoogleSheetsConfig">
		<google-sheets:connection
				clientId="clientId"
				clientSecret="password"
				redirectUris="urn:ietf:wg:oauth:2.0:oob;http://localhost"
				authUri="https://accounts.google.com/o/oauth2/auth"
				tokenUri="https://www.googleapis.com/oauth2/v3/token"
		/>
	</google-sheets:config>

	<flow name="createSpreadsheets">
		<google-sheets:create-spreadsheet title="Cool sheet" config-ref="GoogleSheetsConfig"/>
	</flow>
</mule>